d:\work\opengl\qt\qtopengltriangle\qtopengltriangle\x64\debug\main.obj
d:\work\opengl\qt\qtopengltriangle\qtopengltriangle\x64\debug\qtopengltriangle.obj
d:\work\opengl\qt\qtopengltriangle\qtopengltriangle\x64\debug\vc142.pdb
d:\work\opengl\qt\qtopengltriangle\qtopengltriangle\x64\debug\qrc_qtopengltriangle.obj
d:\work\opengl\qt\qtopengltriangle\qtopengltriangle\x64\debug\moc_qtopengltriangle.obj
d:\work\opengl\qt\qtopengltriangle\qtopengltriangle\x64\debug\\moc\moc_qtopengltriangle.cpp
d:\work\opengl\qt\qtopengltriangle\qtopengltriangle\x64\debug\uic\ui_qtopengltriangle.h
d:\work\opengl\qt\qtopengltriangle\qtopengltriangle\x64\debug\rcc\qrc_qtopengltriangle.cpp
d:\work\opengl\qt\qtopengltriangle\qtopengltriangle\x64\debug\moc\moc_qtopengltriangle.cpp
d:\work\opengl\qt\qtopengltriangle\qtopengltriangle\x64\debug\\rcc\qrc_qtopengltriangle.cpp
d:\work\opengl\qt\qtopengltriangle\qtopengltriangle\x64\debug\\uic\ui_qtopengltriangle.h
d:\work\opengl\qt\qtopengltriangle\x64\debug\qtopengltriangle.pdb
d:\work\opengl\qt\qtopengltriangle\qtopengltriangle\x64\debug\qtopengltriangle.tlog\cl.27804.write.1.tlog
d:\work\opengl\qt\qtopengltriangle\qtopengltriangle\x64\debug\qtopengltriangle.tlog\cl.command.1.tlog
d:\work\opengl\qt\qtopengltriangle\qtopengltriangle\x64\debug\qtopengltriangle.tlog\cl.read.1.tlog
d:\work\opengl\qt\qtopengltriangle\qtopengltriangle\x64\debug\qtopengltriangle.tlog\link-cvtres.read.1.tlog
d:\work\opengl\qt\qtopengltriangle\qtopengltriangle\x64\debug\qtopengltriangle.tlog\link-cvtres.write.1.tlog
d:\work\opengl\qt\qtopengltriangle\qtopengltriangle\x64\debug\qtopengltriangle.tlog\link-rc.read.1.tlog
d:\work\opengl\qt\qtopengltriangle\qtopengltriangle\x64\debug\qtopengltriangle.tlog\link-rc.write.1.tlog
d:\work\opengl\qt\qtopengltriangle\qtopengltriangle\x64\debug\qtopengltriangle.tlog\link.command.1.tlog
d:\work\opengl\qt\qtopengltriangle\qtopengltriangle\x64\debug\qtopengltriangle.tlog\link.read.1.tlog
d:\work\opengl\qt\qtopengltriangle\qtopengltriangle\x64\debug\qtopengltriangle.tlog\link.write.1.tlog
d:\work\opengl\qt\qtopengltriangle\qtopengltriangle\x64\debug\qtopengltriangle.tlog\moc.read.1u.tlog
d:\work\opengl\qt\qtopengltriangle\qtopengltriangle\x64\debug\qtopengltriangle.tlog\moc.write.1u.tlog
d:\work\opengl\qt\qtopengltriangle\qtopengltriangle\x64\debug\qtopengltriangle.tlog\qtopengltriangle.write.1u.tlog
d:\work\opengl\qt\qtopengltriangle\qtopengltriangle\x64\debug\qtopengltriangle.tlog\rcc.read.1u.tlog
d:\work\opengl\qt\qtopengltriangle\qtopengltriangle\x64\debug\qtopengltriangle.tlog\rcc.write.1u.tlog
d:\work\opengl\qt\qtopengltriangle\qtopengltriangle\x64\debug\qtopengltriangle.tlog\uic.read.1u.tlog
d:\work\opengl\qt\qtopengltriangle\qtopengltriangle\x64\debug\qtopengltriangle.tlog\uic.write.1u.tlog
